[debug] [2023-03-24T01:58:39.157Z] ----------------------------------------------------------------------
[debug] [2023-03-24T01:58:39.158Z] Command:       C:\Program Files\nodejs\node.exe C:\Users\Marco\AppData\Roaming\npm\node_modules\firebase-tools\lib\bin\firebase.js init
[debug] [2023-03-24T01:58:39.159Z] CLI Version:   11.25.1
[debug] [2023-03-24T01:58:39.159Z] Platform:      win32
[debug] [2023-03-24T01:58:39.159Z] Node Version:  v18.15.0
[debug] [2023-03-24T01:58:39.160Z] Time:          Thu Mar 23 2023 21:58:39 GMT-0400 (Eastern Daylight Time)
[debug] [2023-03-24T01:58:39.160Z] ----------------------------------------------------------------------
[debug] 
[debug] [2023-03-24T01:58:39.167Z] > command requires scopes: ["email","openid","https://www.googleapis.com/auth/cloudplatformprojects.readonly","https://www.googleapis.com/auth/firebase","https://www.googleapis.com/auth/cloud-platform"]
[debug] [2023-03-24T01:58:39.167Z] > authorizing via signed-in user (diamondgravity.tech@gmail.com)
[info] 
     ######## #### ########  ######## ########     ###     ######  ########
     ##        ##  ##     ## ##       ##     ##  ##   ##  ##       ##
     ######    ##  ########  ######   ########  #########  ######  ######
     ##        ##  ##    ##  ##       ##     ## ##     ##       ## ##
     ##       #### ##     ## ######## ########  ##     ##  ######  ########

You're about to initialize a Firebase project in this directory:

  C:\Users\Marco\Documents\GitHub\diamond-gravity-portal

[info] 
=== Project Setup
[info] 
[info] First, let's associate this project directory with a Firebase project.
[info] You can create multiple project aliases by running firebase use --add, 
[info] but for now we'll just set up a default project.
[info] 
[debug] [2023-03-24T02:01:28.106Z] >>> [apiv2][query] GET https://firebase.googleapis.com/v1beta1/projects pageSize=100
[debug] [2023-03-24T02:01:28.581Z] <<< [apiv2][status] GET https://firebase.googleapis.com/v1beta1/projects 200
[debug] [2023-03-24T02:01:28.581Z] <<< [apiv2][body] GET https://firebase.googleapis.com/v1beta1/projects [omitted]
[info] i  Using project diamondgravity-portal (DiamondGravity-Portal) 
[info] 
=== Firestore Setup
[debug] [2023-03-24T02:01:29.329Z] >>> [apiv2][query] GET https://serviceusage.googleapis.com/v1/projects/diamondgravity-portal/services/firestore.googleapis.com [none]
[debug] [2023-03-24T02:01:29.329Z] >>> [apiv2][(partial)header] GET https://serviceusage.googleapis.com/v1/projects/diamondgravity-portal/services/firestore.googleapis.com x-goog-quota-user=projects/diamondgravity-portal
[debug] [2023-03-24T02:01:29.802Z] <<< [apiv2][status] GET https://serviceusage.googleapis.com/v1/projects/diamondgravity-portal/services/firestore.googleapis.com 200
[debug] [2023-03-24T02:01:29.802Z] <<< [apiv2][body] GET https://serviceusage.googleapis.com/v1/projects/diamondgravity-portal/services/firestore.googleapis.com [omitted]
[debug] [2023-03-24T02:01:29.802Z] >>> [apiv2][query] GET https://firestore.googleapis.com/v1/projects/diamondgravity-portal/databases/(default) [none]
[debug] [2023-03-24T02:01:30.184Z] <<< [apiv2][status] GET https://firestore.googleapis.com/v1/projects/diamondgravity-portal/databases/(default) 200
[debug] [2023-03-24T02:01:30.185Z] <<< [apiv2][body] GET https://firestore.googleapis.com/v1/projects/diamondgravity-portal/databases/(default) {"name":"projects/diamondgravity-portal/databases/(default)","uid":"7127dcbc-86da-426b-9bd5-ce6e6a7f1989","createTime":"2023-03-24T01:59:24.241750Z","updateTime":"2023-03-24T01:59:24.241750Z","locationId":"nam5","type":"FIRESTORE_NATIVE","concurrencyMode":"PESSIMISTIC","appEngineIntegrationMode":"DISABLED","keyPrefix":"s","deleteProtectionState":"DELETE_PROTECTION_DISABLED","etag":"IKijz6288/0CMNbOvvC78/0C"}
[debug] [2023-03-24T02:01:30.185Z] database_type: FIRESTORE_NATIVE
[debug] [2023-03-24T02:01:30.185Z] > command requires scopes: ["email","openid","https://www.googleapis.com/auth/cloudplatformprojects.readonly","https://www.googleapis.com/auth/firebase","https://www.googleapis.com/auth/cloud-platform"]
[debug] [2023-03-24T02:01:30.185Z] > authorizing via signed-in user (diamondgravity.tech@gmail.com)
[debug] [2023-03-24T02:01:30.185Z] [iam] checking project diamondgravity-portal for permissions ["firebase.projects.get"]
[debug] [2023-03-24T02:01:30.186Z] >>> [apiv2][query] POST https://cloudresourcemanager.googleapis.com/v1/projects/diamondgravity-portal:testIamPermissions [none]
[debug] [2023-03-24T02:01:30.186Z] >>> [apiv2][(partial)header] POST https://cloudresourcemanager.googleapis.com/v1/projects/diamondgravity-portal:testIamPermissions x-goog-quota-user=projects/diamondgravity-portal
[debug] [2023-03-24T02:01:30.186Z] >>> [apiv2][body] POST https://cloudresourcemanager.googleapis.com/v1/projects/diamondgravity-portal:testIamPermissions {"permissions":["firebase.projects.get"]}
[debug] [2023-03-24T02:01:30.406Z] <<< [apiv2][status] POST https://cloudresourcemanager.googleapis.com/v1/projects/diamondgravity-portal:testIamPermissions 200
[debug] [2023-03-24T02:01:30.406Z] <<< [apiv2][body] POST https://cloudresourcemanager.googleapis.com/v1/projects/diamondgravity-portal:testIamPermissions {"permissions":["firebase.projects.get"]}
[info] 
[info] Firestore Security Rules allow you to define how and when to allow
[info] requests. You can keep these rules in your project directory
[info] and publish them with firebase deploy.
[info] 
[debug] [2023-03-24T02:01:34.506Z] >>> [apiv2][query] GET https://firebaserules.googleapis.com/v1/projects/diamondgravity-portal/releases pageSize=10&pageToken=
[debug] [2023-03-24T02:01:35.857Z] <<< [apiv2][status] GET https://firebaserules.googleapis.com/v1/projects/diamondgravity-portal/releases 200
[debug] [2023-03-24T02:01:35.858Z] <<< [apiv2][body] GET https://firebaserules.googleapis.com/v1/projects/diamondgravity-portal/releases {"releases":[{"name":"projects/diamondgravity-portal/releases/cloud.firestore","rulesetName":"projects/diamondgravity-portal/rulesets/ef679885-e1d0-4160-bfa8-626f92e4b343","createTime":"2023-03-24T01:59:28.932042Z","updateTime":"2023-03-24T01:59:28.932042Z"}]}
[debug] [2023-03-24T02:01:35.858Z] Found ruleset: projects/diamondgravity-portal/rulesets/ef679885-e1d0-4160-bfa8-626f92e4b343
[debug] [2023-03-24T02:01:35.858Z] >>> [apiv2][query] GET https://firebaserules.googleapis.com/v1/projects/diamondgravity-portal/rulesets/ef679885-e1d0-4160-bfa8-626f92e4b343 [none]
[debug] [2023-03-24T02:01:36.106Z] <<< [apiv2][status] GET https://firebaserules.googleapis.com/v1/projects/diamondgravity-portal/rulesets/ef679885-e1d0-4160-bfa8-626f92e4b343 200
[debug] [2023-03-24T02:01:36.106Z] <<< [apiv2][body] GET https://firebaserules.googleapis.com/v1/projects/diamondgravity-portal/rulesets/ef679885-e1d0-4160-bfa8-626f92e4b343 [omitted]
[info] 
[info] Firestore indexes allow you to perform complex queries while
[info] maintaining performance that scales with the size of the result
[info] set. You can keep index definitions in your project directory
[info] and publish them with firebase deploy.
[info] 
[debug] [2023-03-24T02:01:39.649Z] >>> [apiv2][query] GET https://firestore.googleapis.com/v1/projects/diamondgravity-portal/databases/(default)/collectionGroups/-/indexes [none]
[debug] [2023-03-24T02:01:39.651Z] >>> [apiv2][query] GET https://firestore.googleapis.com/v1/projects/diamondgravity-portal/databases/(default)/collectionGroups/-/fields?filter=indexConfig.usesAncestorConfig=false OR ttlConfig:* [none]
[debug] [2023-03-24T02:01:40.041Z] <<< [apiv2][status] GET https://firestore.googleapis.com/v1/projects/diamondgravity-portal/databases/(default)/collectionGroups/-/indexes 200
[debug] [2023-03-24T02:01:40.041Z] <<< [apiv2][body] GET https://firestore.googleapis.com/v1/projects/diamondgravity-portal/databases/(default)/collectionGroups/-/indexes {}
[debug] [2023-03-24T02:01:43.309Z] <<< [apiv2][status] GET https://firestore.googleapis.com/v1/projects/diamondgravity-portal/databases/(default)/collectionGroups/-/fields?filter=indexConfig.usesAncestorConfig=false OR ttlConfig:* 200
[debug] [2023-03-24T02:01:43.309Z] <<< [apiv2][body] GET https://firestore.googleapis.com/v1/projects/diamondgravity-portal/databases/(default)/collectionGroups/-/fields?filter=indexConfig.usesAncestorConfig=false OR ttlConfig:* {"fields":[{"name":"projects/diamondgravity-portal/databases/(default)/collectionGroups/__default__/fields/*","indexConfig":{"indexes":[{"queryScope":"COLLECTION","fields":[{"fieldPath":"*","order":"ASCENDING"}],"state":"READY"},{"queryScope":"COLLECTION","fields":[{"fieldPath":"*","order":"DESCENDING"}],"state":"READY"},{"queryScope":"COLLECTION","fields":[{"fieldPath":"*","arrayConfig":"CONTAINS"}],"state":"READY"}]}}]}
[info] 
=== Functions Setup
[debug] [2023-03-24T02:01:43.311Z] > command requires scopes: ["email","openid","https://www.googleapis.com/auth/cloudplatformprojects.readonly","https://www.googleapis.com/auth/firebase","https://www.googleapis.com/auth/cloud-platform"]
[debug] [2023-03-24T02:01:43.311Z] > authorizing via signed-in user (diamondgravity.tech@gmail.com)
[debug] [2023-03-24T02:01:43.312Z] [iam] checking project diamondgravity-portal for permissions ["firebase.projects.get"]
[debug] [2023-03-24T02:01:43.312Z] >>> [apiv2][query] POST https://cloudresourcemanager.googleapis.com/v1/projects/diamondgravity-portal:testIamPermissions [none]
[debug] [2023-03-24T02:01:43.313Z] >>> [apiv2][(partial)header] POST https://cloudresourcemanager.googleapis.com/v1/projects/diamondgravity-portal:testIamPermissions x-goog-quota-user=projects/diamondgravity-portal
[debug] [2023-03-24T02:01:43.313Z] >>> [apiv2][body] POST https://cloudresourcemanager.googleapis.com/v1/projects/diamondgravity-portal:testIamPermissions {"permissions":["firebase.projects.get"]}
[debug] [2023-03-24T02:01:43.553Z] <<< [apiv2][status] POST https://cloudresourcemanager.googleapis.com/v1/projects/diamondgravity-portal:testIamPermissions 200
[debug] [2023-03-24T02:01:43.553Z] <<< [apiv2][body] POST https://cloudresourcemanager.googleapis.com/v1/projects/diamondgravity-portal:testIamPermissions {"permissions":["firebase.projects.get"]}
[debug] [2023-03-24T02:01:43.554Z] >>> [apiv2][query] GET https://serviceusage.googleapis.com/v1/projects/diamondgravity-portal/services/cloudfunctions.googleapis.com [none]
[debug] [2023-03-24T02:01:43.554Z] >>> [apiv2][(partial)header] GET https://serviceusage.googleapis.com/v1/projects/diamondgravity-portal/services/cloudfunctions.googleapis.com x-goog-quota-user=projects/diamondgravity-portal
[debug] [2023-03-24T02:01:43.555Z] >>> [apiv2][query] GET https://serviceusage.googleapis.com/v1/projects/diamondgravity-portal/services/runtimeconfig.googleapis.com [none]
[debug] [2023-03-24T02:01:43.555Z] >>> [apiv2][(partial)header] GET https://serviceusage.googleapis.com/v1/projects/diamondgravity-portal/services/runtimeconfig.googleapis.com x-goog-quota-user=projects/diamondgravity-portal
[debug] [2023-03-24T02:01:43.942Z] <<< [apiv2][status] GET https://serviceusage.googleapis.com/v1/projects/diamondgravity-portal/services/runtimeconfig.googleapis.com 200
[debug] [2023-03-24T02:01:43.942Z] <<< [apiv2][body] GET https://serviceusage.googleapis.com/v1/projects/diamondgravity-portal/services/runtimeconfig.googleapis.com [omitted]
[debug] [2023-03-24T02:01:43.945Z] <<< [apiv2][status] GET https://serviceusage.googleapis.com/v1/projects/diamondgravity-portal/services/cloudfunctions.googleapis.com 200
[debug] [2023-03-24T02:01:43.945Z] <<< [apiv2][body] GET https://serviceusage.googleapis.com/v1/projects/diamondgravity-portal/services/cloudfunctions.googleapis.com [omitted]
[debug] [2023-03-24T02:01:43.945Z] >>> [apiv2][query] POST https://serviceusage.googleapis.com/v1/projects/diamondgravity-portal/services/cloudfunctions.googleapis.com:enable [none]
[debug] [2023-03-24T02:01:43.946Z] >>> [apiv2][(partial)header] POST https://serviceusage.googleapis.com/v1/projects/diamondgravity-portal/services/cloudfunctions.googleapis.com:enable x-goog-quota-user=projects/diamondgravity-portal
[debug] [2023-03-24T02:01:45.099Z] <<< [apiv2][status] POST https://serviceusage.googleapis.com/v1/projects/diamondgravity-portal/services/cloudfunctions.googleapis.com:enable 200
[debug] [2023-03-24T02:01:45.099Z] <<< [apiv2][body] POST https://serviceusage.googleapis.com/v1/projects/diamondgravity-portal/services/cloudfunctions.googleapis.com:enable [omitted]
[debug] [2023-03-24T02:01:55.099Z] >>> [apiv2][query] GET https://serviceusage.googleapis.com/v1/projects/diamondgravity-portal/services/cloudfunctions.googleapis.com [none]
[debug] [2023-03-24T02:01:55.099Z] >>> [apiv2][(partial)header] GET https://serviceusage.googleapis.com/v1/projects/diamondgravity-portal/services/cloudfunctions.googleapis.com x-goog-quota-user=projects/diamondgravity-portal
[debug] [2023-03-24T02:01:55.465Z] <<< [apiv2][status] GET https://serviceusage.googleapis.com/v1/projects/diamondgravity-portal/services/cloudfunctions.googleapis.com 200
[debug] [2023-03-24T02:01:55.465Z] <<< [apiv2][body] GET https://serviceusage.googleapis.com/v1/projects/diamondgravity-portal/services/cloudfunctions.googleapis.com [omitted]
[info] Let's create a new codebase for your functions.
[info] A directory corresponding to the codebase will be created in your project
[info] with sample code pre-configured.

[info] See https://firebase.google.com/docs/functions/organize-functions for
[info] more information on organizing your functions using codebases.

[info] Functions can be deployed with firebase deploy.

[info] +  Wrote functions/package.json 
[info] +  Wrote functions/.eslintrc.js 
[info] +  Wrote functions/index.js 
[info] +  Wrote functions/.gitignore 
[info] 
=== Hosting Setup
[info] 
[info] Your public directory is the folder (relative to your project directory) that
[info] will contain Hosting assets to be uploaded with firebase deploy. If you
[info] have a build process for your assets, use your build's output directory.
[info] 
[info] +  Wrote public/404.html 
[debug] [2023-03-24T02:05:10.394Z] >>> [apiv2][query] GET https://www.gstatic.com/firebasejs/releases.json [none]
[debug] [2023-03-24T02:05:10.554Z] <<< [apiv2][status] GET https://www.gstatic.com/firebasejs/releases.json 200
[debug] [2023-03-24T02:05:10.554Z] <<< [apiv2][body] GET https://www.gstatic.com/firebasejs/releases.json {"current":{"version":"9.18.0","browserURL":"https://www.gstatic.com/firebasejs/9.18.0/firebase.js","packageURL":"https://www.gstatic.com/firebasejs/9.18.0/firebase.tgz"},"live":{"version":"9.18","browserURL":"https://www.gstatic.com/firebasejs/live/9.18/firebase.js","packageURL":"https://www.gstatic.com/firebasejs/live/9.18/firebase.tgz"},"components":{"analytics":"https://www.gstatic.com/firebasejs/9.18.0/firebase-analytics.js","app":"https://www.gstatic.com/firebasejs/9.18.0/firebase-app.js","app-check":"https://www.gstatic.com/firebasejs/9.18.0/firebase-app-check.js","auth":"https://www.gstatic.com/firebasejs/9.18.0/firebase-auth.js","auth/cordova":"https://www.gstatic.com/firebasejs/9.18.0/firebase-auth/cordova.js","auth/react-native":"https://www.gstatic.com/firebasejs/9.18.0/firebase-auth/react-native.js","functions":"https://www.gstatic.com/firebasejs/9.18.0/firebase-functions.js","firestore":"https://www.gstatic.com/firebasejs/9.18.0/firebase-firestore.js","firestore/lite":"https://www.gstatic.com/firebasejs/9.18.0/firebase-firestore/lite.js","installations":"https://www.gstatic.com/firebasejs/9.18.0/firebase-installations.js","storage":"https://www.gstatic.com/firebasejs/9.18.0/firebase-storage.js","performance":"https://www.gstatic.com/firebasejs/9.18.0/firebase-performance.js","remote-config":"https://www.gstatic.com/firebasejs/9.18.0/firebase-remote-config.js","messaging":"https://www.gstatic.com/firebasejs/9.18.0/firebase-messaging.js","messaging/sw":"https://www.gstatic.com/firebasejs/9.18.0/firebase-messaging/sw.js","database":"https://www.gstatic.com/firebasejs/9.18.0/firebase-database.js","firestore.memory":"https://www.gstatic.com/firebasejs/9.18.0/firebase-firestore.memory.js"}}
[info] i  Skipping write of public/index.html 
[info] 
[info] i  Didn't detect a .git folder. Assuming C:\Users\Marco\Documents\GitHub\diamond-gravity-portal is the project root. 
[info] i  Authorizing with GitHub to upload your service account to a GitHub repository's secrets store. 
[info] 
[info] Visit this URL on this device to log in:
[info] https://github.com/login/oauth/authorize?client_id=89cf50f02ac6aaed3484&state=521185565&redirect_uri=http%3A%2F%2Flocalhost%3A9005&scope=read%3Auser%20repo%20public_repo
[info] 
[info] Waiting for authentication...
[debug] [2023-03-24T02:05:28.868Z] >>> [apiv2][query] POST https://github.com/login/oauth/access_token [none]
[debug] [2023-03-24T02:05:28.869Z] >>> [apiv2][body] POST https://github.com/login/oauth/access_token [stream]
[debug] [2023-03-24T02:05:30.194Z] <<< [apiv2][status] POST https://github.com/login/oauth/access_token 200
[debug] [2023-03-24T02:05:30.194Z] <<< [apiv2][body] POST https://github.com/login/oauth/access_token {"access_token":"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","token_type":"bearer","scope":"read:user,repo"}
[debug] [2023-03-24T02:05:30.198Z] >>> [apiv2][query] GET https://api.github.com/user [none]
[debug] [2023-03-24T02:05:30.493Z] <<< [apiv2][status] GET https://api.github.com/user 200
[debug] [2023-03-24T02:05:30.493Z] <<< [apiv2][body] GET https://api.github.com/user {"login":"NoCapxGaming","id":116123214,"node_id":"U_kgDOBuvmTg","avatar_url":"https://avatars.githubusercontent.com/u/116123214?v=4","gravatar_id":"","url":"https://api.github.com/users/NoCapxGaming","html_url":"https://github.com/NoCapxGaming","followers_url":"https://api.github.com/users/NoCapxGaming/followers","following_url":"https://api.github.com/users/NoCapxGaming/following{/other_user}","gists_url":"https://api.github.com/users/NoCapxGaming/gists{/gist_id}","starred_url":"https://api.github.com/users/NoCapxGaming/starred{/owner}{/repo}","subscriptions_url":"https://api.github.com/users/NoCapxGaming/subscriptions","organizations_url":"https://api.github.com/users/NoCapxGaming/orgs","repos_url":"https://api.github.com/users/NoCapxGaming/repos","events_url":"https://api.github.com/users/NoCapxGaming/events{/privacy}","received_events_url":"https://api.github.com/users/NoCapxGaming/received_events","type":"User","site_admin":false,"name":"NoCap3D","company":"NoCap3D","blog":"nocap3d.art","location":"Miami","email":null,"hireable":null,"bio":"Website 3D Design Professional | WebApp Designer | Scripting Student\r\n\r\nVerge3D | Blender3D | WebFlow | Photoshop","twitter_username":"nocapxgaming","public_repos":5,"public_gists":0,"followers":0,"following":2,"created_at":"2022-10-18T21:53:56Z","updated_at":"2023-02-16T23:58:07Z","private_gists":0,"total_private_repos":0,"owned_private_repos":0,"disk_usage":263474,"collaborators":0,"two_factor_authentication":false,"plan":{"name":"free","space":976562499,"collaborators":0,"private_repos":10000}}
[info] 
[info] +  Success! Logged into GitHub as NoCapxGaming 
[info] 
